\BOOKMARK [1][-]{section.1}{\376\377\000I\000n\000t\000r\000o\000d\000u\000c\000t\000i\000o\000n}{}% 1
\BOOKMARK [2][-]{subsection.1.1}{\376\377\000W\000e\000b\000s\000i\000t\000e\000\040\000c\000o\000n\000t\000e\000x\000t}{section.1}% 2
\BOOKMARK [2][-]{subsection.1.2}{\376\377\000D\000o\000c\000u\000m\000e\000n\000t\000\040\000s\000t\000r\000u\000c\000t\000u\000r\000e}{section.1}% 3
\BOOKMARK [1][-]{section.2}{\376\377\000H\000o\000m\000e\000p\000a\000g\000e}{}% 4
\BOOKMARK [2][-]{subsection.2.1}{\376\377\000I\000n\000f\000o\000r\000m\000a\000t\000i\000v\000e\000\040\000A\000x\000e\000s}{section.2}% 5
\BOOKMARK [3][-]{subsubsection.2.1.1}{\376\377\000W\000H\000E\000R\000E\000\040\000d\000i\000d\000\040\000t\000h\000e\000\040\000u\000s\000e\000r\000\040\000a\000r\000r\000i\000v\000e\000?}{subsection.2.1}% 6
\BOOKMARK [3][-]{subsubsection.2.1.2}{\376\377\000W\000H\000O\000\040\000i\000s\000\040\000b\000e\000h\000i\000n\000d\000\040\000t\000h\000e\000\040\000w\000e\000b\000s\000i\000t\000e\000?}{subsection.2.1}% 7
\BOOKMARK [3][-]{subsubsection.2.1.3}{\376\377\000W\000H\000Y\000\040\000s\000h\000o\000u\000l\000d\000\040\000t\000h\000e\000\040\000u\000s\000e\000r\000\040\000s\000t\000a\000y\000?}{subsection.2.1}% 8
\BOOKMARK [3][-]{subsubsection.2.1.4}{\376\377\000W\000H\000A\000T\000\040\000c\000h\000o\000i\000c\000e\000s\000\040\000d\000o\000e\000s\000\040\000t\000h\000e\000\040\000u\000s\000e\000r\000\040\000h\000a\000v\000e\000?}{subsection.2.1}% 9
\BOOKMARK [3][-]{subsubsection.2.1.5}{\376\377\000W\000H\000E\000N\000\040\000\050\000l\000a\000t\000e\000s\000t\000\040\000n\000e\000w\000s\000\051}{subsection.2.1}% 10
\BOOKMARK [3][-]{subsubsection.2.1.6}{\376\377\000H\000O\000W\000\040\000t\000o\000\040\000a\000r\000r\000i\000v\000e\000\040\000w\000h\000e\000r\000e\000\040\000t\000h\000e\000\040\000u\000s\000e\000r\000\040\000w\000a\000n\000t\000s\000?}{subsection.2.1}% 11
\BOOKMARK [2][-]{subsection.2.2}{\376\377\000F\000i\000r\000s\000t\000\040\000a\000c\000c\000e\000s\000s\000\040\000a\000n\000d\000\040\000p\000e\000r\000s\000o\000n\000a\000l\000\040\000d\000a\000t\000a}{section.2}% 12
\BOOKMARK [2][-]{subsection.2.3}{\376\377\000S\000c\000r\000o\000l\000l\000i\000n\000g\000\040\000a\000n\000d\000\040\000R\000e\000s\000o\000l\000u\000t\000i\000o\000n}{section.2}% 13
\BOOKMARK [3][-]{subsubsection.2.3.1}{\376\377\000S\000c\000r\000o\000l\000l\000i\000n\000g}{subsection.2.3}% 14
\BOOKMARK [4][-]{paragraph.2.3.1.1}{\376\377\000V\000e\000r\000t\000i\000c\000a\000l\000\040\000S\000c\000r\000o\000l\000l}{subsubsection.2.3.1}% 15
\BOOKMARK [4][-]{paragraph.2.3.1.2}{\376\377\000H\000o\000r\000i\000z\000o\000n\000t\000a\000l\000\040\000S\000c\000r\000o\000l\000l}{subsubsection.2.3.1}% 16
\BOOKMARK [3][-]{subsubsection.2.3.2}{\376\377\000R\000e\000s\000o\000l\000u\000t\000i\000o\000n}{subsection.2.3}% 17
\BOOKMARK [2][-]{subsection.2.4}{\376\377\000M\000e\000n\000u}{section.2}% 18
\BOOKMARK [2][-]{subsection.2.5}{\376\377\000C\000o\000n\000t\000e\000n\000t}{section.2}% 19
\BOOKMARK [3][-]{subsubsection.2.5.1}{\376\377\000T\000e\000x\000t}{subsection.2.5}% 20
\BOOKMARK [4][-]{paragraph.2.5.1.1}{\376\377\000R\000e\000s\000i\000z\000i\000n\000g\000\040\000O\000p\000t\000i\000o\000n\000s}{subsubsection.2.5.1}% 21
\BOOKMARK [4][-]{paragraph.2.5.1.2}{\376\377\000C\000o\000l\000o\000r\000\040\000a\000n\000d\000\040\000F\000o\000n\000t}{subsubsection.2.5.1}% 22
\BOOKMARK [4][-]{paragraph.2.5.1.3}{\376\377\000S\000t\000y\000l\000e}{subsubsection.2.5.1}% 23
\BOOKMARK [4][-]{paragraph.2.5.1.4}{\376\377\000G\000r\000a\000p\000h\000i\000c\000a\000l\000\040\000O\000b\000j\000e\000c\000t\000s}{subsubsection.2.5.1}% 24
\BOOKMARK [3][-]{subsubsection.2.5.2}{\376\377\000C\000o\000n\000t\000e\000n\000t\000\040\000S\000t\000r\000u\000c\000t\000u\000r\000e}{subsection.2.5}% 25
\BOOKMARK [4][-]{paragraph.2.5.2.1}{\376\377\000S\000t\000r\000u\000c\000t\000u\000r\000e}{subsubsection.2.5.2}% 26
\BOOKMARK [4][-]{paragraph.2.5.2.2}{\376\377\000K\000e\000y\000w\000o\000r\000d\000s}{subsubsection.2.5.2}% 27
\BOOKMARK [4][-]{paragraph.2.5.2.3}{\376\377\000L\000i\000s\000t\000s}{subsubsection.2.5.2}% 28
\BOOKMARK [2][-]{subsection.2.6}{\376\377\000A\000t\000t\000e\000n\000t\000i\000o\000n\000\040\000M\000a\000p}{section.2}% 29
\BOOKMARK [3][-]{subsubsection.2.6.1}{\376\377\000F\000-\000s\000h\000a\000p\000e\000\040\000M\000a\000p}{subsection.2.6}% 30
\BOOKMARK [3][-]{subsubsection.2.6.2}{\376\377\000I\000m\000a\000g\000e\000s}{subsection.2.6}% 31
\BOOKMARK [2][-]{subsection.2.7}{\376\377\000S\000e\000a\000r\000c\000h\000i\000n\000g}{section.2}% 32
\BOOKMARK [3][-]{subsubsection.2.7.1}{\376\377\000S\000e\000a\000r\000c\000h\000\040\000T\000o\000o\000l\000s}{subsection.2.7}% 33
\BOOKMARK [4][-]{figure.caption.10}{\376\377\000N\000o\000\040\000R\000e\000s\000u\000l\000t}{subsubsection.2.7.1}% 34
\BOOKMARK [3][-]{subsubsection.2.7.2}{\376\377\000S\000e\000a\000r\000c\000h\000\040\000B\000o\000x}{subsection.2.7}% 35
\BOOKMARK [2][-]{subsection.2.8}{\376\377\0004\0000\0004\000\040\000P\000a\000g\000e}{section.2}% 36
\BOOKMARK [1][-]{section.3}{\376\377\000P\000r\000o\000d\000u\000c\000t\000\040\000P\000a\000g\000e}{}% 37
\BOOKMARK [2][-]{subsection.3.1}{\376\377\000I\000n\000f\000o\000r\000m\000a\000t\000i\000v\000e\000\040\000A\000x\000e\000s}{section.3}% 38
\BOOKMARK [3][-]{subsubsection.3.1.1}{\376\377\000W\000H\000E\000R\000E\000\040\000d\000i\000d\000\040\000t\000h\000e\000\040\000u\000s\000e\000r\000\040\000a\000r\000r\000i\000v\000e\000?}{subsection.3.1}% 39
\BOOKMARK [3][-]{subsubsection.3.1.2}{\376\377\000W\000H\000O\000\040\000i\000s\000\040\000b\000e\000h\000i\000n\000d\000\040\000t\000h\000e\000\040\000w\000e\000b\000s\000i\000t\000e\000?}{subsection.3.1}% 40
\BOOKMARK [3][-]{subsubsection.3.1.3}{\376\377\000W\000H\000Y\000\040\000s\000h\000o\000u\000l\000d\000\040\000t\000h\000e\000\040\000u\000s\000e\000r\000\040\000s\000t\000a\000y\000?}{subsection.3.1}% 41
\BOOKMARK [3][-]{subsubsection.3.1.4}{\376\377\000W\000H\000A\000T\000\040\000c\000h\000o\000i\000c\000e\000s\000\040\000d\000o\000e\000s\000\040\000t\000h\000e\000\040\000u\000s\000e\000r\000\040\000h\000a\000v\000e\000?}{subsection.3.1}% 42
\BOOKMARK [3][-]{subsubsection.3.1.5}{\376\377\000W\000H\000E\000N\000\040\000\050\000l\000a\000t\000e\000s\000t\000\040\000n\000e\000w\000s\000\051}{subsection.3.1}% 43
\BOOKMARK [3][-]{subsubsection.3.1.6}{\376\377\000H\000O\000W\000\040\000t\000o\000\040\000a\000r\000r\000i\000v\000e\000\040\000w\000h\000e\000r\000e\000\040\000t\000h\000e\000\040\000u\000s\000e\000r\000\040\000w\000a\000n\000t\000s\000?}{subsection.3.1}% 44
\BOOKMARK [2][-]{subsection.3.2}{\376\377\000F\000-\000s\000h\000a\000p\000e\000\040\000M\000a\000p}{section.3}% 45
\BOOKMARK [2][-]{subsection.3.3}{\376\377\000P\000r\000o\000d\000u\000c\000t}{section.3}% 46
\BOOKMARK [3][-]{subsubsection.3.3.1}{\376\377\000V\000i\000s\000u\000a\000l\000\040\000D\000e\000s\000c\000r\000i\000p\000t\000i\000o\000n}{subsection.3.3}% 47
\BOOKMARK [3][-]{subsubsection.3.3.2}{\376\377\000T\000e\000x\000t\000u\000a\000l\000\040\000D\000e\000s\000c\000r\000i\000p\000t\000i\000o\000n}{subsection.3.3}% 48
\BOOKMARK [3][-]{subsubsection.3.3.3}{\376\377\000P\000r\000i\000c\000e}{subsection.3.3}% 49
\BOOKMARK [3][-]{subsubsection.3.3.4}{\376\377\000C\000h\000e\000c\000k\000o\000u\000t}{subsection.3.3}% 50
\BOOKMARK [1][-]{section.4}{\376\377\000F\000i\000n\000a\000l\000\040\000e\000v\000a\000l\000u\000a\000t\000i\000o\000n}{}% 51
